<?xml version="1.0" encoding="UTF-8"?>
<testng-results ignored="0" total="2" passed="2" failed="0" skipped="0">
  <reporter-output>
  </reporter-output>
  <suite started-at="2018-08-01T21:36:29Z" name="Default suite" finished-at="2018-08-01T21:37:11Z" duration-ms="42883">
    <groups>
    </groups>
    <test started-at="2018-08-01T21:36:29Z" name="Default test" finished-at="2018-08-01T21:37:11Z" duration-ms="42883">
      <class name="book_shopping.Invaliduser">
        <test-method is-config="true" signature="openbrowser()[pri:0, instance:book_shopping.Invaliduser@14555e0a]" started-at="2018-08-01T21:36:29Z" name="openbrowser" finished-at="2018-08-01T21:36:33Z" duration-ms="4701" status="PASS">
          <reporter-output>
          </reporter-output>
        </test-method> <!-- openbrowser -->
        <test-method signature="Test_001()[pri:0, instance:book_shopping.Invaliduser@14555e0a]" started-at="2018-08-01T21:36:33Z" name="Test_001" finished-at="2018-08-01T21:36:40Z" duration-ms="6505" status="PASS">
          <reporter-output>
          </reporter-output>
        </test-method> <!-- Test_001 -->
        <test-method signature="Test_002()[pri:0, instance:book_shopping.Invaliduser@14555e0a]" started-at="2018-08-01T21:36:40Z" name="Test_002" finished-at="2018-08-01T21:37:11Z" duration-ms="31552" status="PASS">
          <reporter-output>
          </reporter-output>
        </test-method> <!-- Test_002 -->
        <test-method is-config="true" signature="Closewindow()[pri:0, instance:book_shopping.Invaliduser@14555e0a]" started-at="2018-08-01T21:37:11Z" name="Closewindow" finished-at="2018-08-01T21:37:11Z" duration-ms="85" status="PASS">
          <reporter-output>
          </reporter-output>
        </test-method> <!-- Closewindow -->
      </class> <!-- book_shopping.Invaliduser -->
    </test> <!-- Default test -->
  </suite> <!-- Default suite -->
</testng-results>
