<?xml version="1.0" encoding="UTF-8"?>
<testng-results ignored="0" total="1" passed="1" failed="0" skipped="0">
  <reporter-output>
  </reporter-output>
  <suite started-at="2018-08-10T22:25:58Z" name="Default suite" finished-at="2018-08-10T22:26:25Z" duration-ms="26838">
    <groups>
    </groups>
    <test started-at="2018-08-10T22:25:58Z" name="Default test" finished-at="2018-08-10T22:26:25Z" duration-ms="26838">
      <class name="TestCase.Edureka">
        <test-method is-config="true" signature="openurl()[pri:0, instance:TestCase.Edureka@16a0ee18]" started-at="2018-08-10T22:25:58Z" name="openurl" finished-at="2018-08-10T22:26:10Z" duration-ms="12038" status="PASS">
          <reporter-output>
          </reporter-output>
        </test-method> <!-- openurl -->
        <test-method signature="TC_001(java.lang.String, java.lang.String)[pri:0, instance:TestCase.Edureka@16a0ee18]" started-at="2018-08-10T22:26:10Z" name="TC_001" data-provider="login" finished-at="2018-08-10T22:26:25Z" duration-ms="14763" status="PASS">
          <params>
            <param index="0">
              <value>
                <![CDATA[testee128@gmail.com]]>
              </value>
            </param>
            <param index="1">
              <value>
                <![CDATA[vuritikotaiah01]]>
              </value>
            </param>
          </params>
          <reporter-output>
          </reporter-output>
        </test-method> <!-- TC_001 -->
      </class> <!-- TestCase.Edureka -->
    </test> <!-- Default test -->
  </suite> <!-- Default suite -->
</testng-results>
